Processing 200 Instagram posts...
Processing post 1/200: DOgncQQlM1j
  Downloading image 1...
  ✓ Downloaded: DOgncQQlM1j_1_a64482b4.jpg
  Downloading image 2...
  ✓ Downloaded: DOgncQQlM1j_2_5b4aa014.jpg
  Downloading image 3...
  ✓ Downloaded: DOgncQQlM1j_3_a6a4369b.jpg
Processing post 2/200: DOrDKzVCfJV
  Downloading image 1...
  ✓ Downloaded: DOrDKzVCfJV_1_3799ca9c.jpg
  Downloading image 2...
  ✓ Downloaded: DOrDKzVCfJV_2_26b21456.jpg
  Downloading image 3...
  ✓ Downloaded: DOrDKzVCfJV_3_dcfb072f.jpg
Processing post 3/200: DPCUXhpEzUx
  Downloading image 1...
  ✓ Downloaded: DPCUXhpEzUx_1_9c6fcd8b.jpg
  Downloading image 2...
  ✓ Downloaded: DPCUXhpEzUx_2_2156a4ff.jpg
  Downloading image 3...
  ✓ Downloaded: DPCUXhpEzUx_3_f355f0ec.jpg
Processing post 4/200: DPCVJOHk8nI
  Downloading image 1...
  ✓ Downloaded: DPCVJOHk8nI_1_52afa2a9.jpg
  Downloading image 2...
  ✓ Downloaded: DPCVJOHk8nI_2_b4dfd086.jpg
  Downloading image 3...
  ✓ Downloaded: DPCVJOHk8nI_3_56bd0c39.jpg
Processing post 5/200: DOgntltDMqv
  Downloading image 1...
  ✓ Downloaded: DOgntltDMqv_1_6b623dd7.jpg
  Downloading image 2...
  ✓ Downloaded: DOgntltDMqv_2_121ec4cf.jpg
  Downloading image 3...
  ✓ Downloaded: DOgntltDMqv_3_f171d64f.jpg
Processing post 6/200: DOrGHPOjpxv
  Downloading image 1...
  ✓ Downloaded: DOrGHPOjpxv_1_02e11b4a.jpg
  Downloading image 2...
  ✓ Downloaded: DOrGHPOjpxv_2_5aa20fb4.jpg
  Downloading image 3...
  ✓ Downloaded: DOrGHPOjpxv_3_9e62724a.jpg
Processing post 7/200: DOecc1vjg5D
  Downloading image 1...
  ✓ Downloaded: DOecc1vjg5D_1_8ab3f412.jpg
  Downloading image 2...
  ✓ Downloaded: DOecc1vjg5D_2_8b78e214.jpg
  Downloading image 3...
  ✓ Downloaded: DOecc1vjg5D_3_e0360ef9.jpg
Processing post 8/200: DPCU274E_6H
  Downloading image 1...
  ✓ Downloaded: DPCU274E_6H_1_a14d7f08.jpg
  Downloading image 2...
  ✓ Downloaded: DPCU274E_6H_2_4df40dbb.jpg
  Downloading image 3...
  ✓ Downloaded: DPCU274E_6H_3_4702f82c.jpg
Processing post 9/200: DPCVqfUk6IS
  Downloading image 1...
  ✓ Downloaded: DPCVqfUk6IS_1_c6fc5367.jpg
  Downloading image 2...
  ✓ Downloaded: DPCVqfUk6IS_2_d04a42d8.jpg
  Downloading image 3...
  ✓ Downloaded: DPCVqfUk6IS_3_91ca3950.jpg
Processing post 10/200: DOCNVa3jdtg
  Downloading image 1...
  ✓ Downloaded: DOCNVa3jdtg_1_80b551c2.jpg
  Downloading image 2...
  ✓ Downloaded: DOCNVa3jdtg_2_85dbea0c.jpg
Processing post 11/200: DOGx8fvkfup
  Downloading image 1...
  ✓ Downloaded: DOGx8fvkfup_1_d8c2f483.jpg
  Downloading image 2...
  ✓ Downloaded: DOGx8fvkfup_2_4a42a185.jpg
  Downloading image 3...
  ✓ Downloaded: DOGx8fvkfup_3_c3cac679.jpg
Processed 10 items, pausing...
Processing post 12/200: DOCD6xfjoR5
  Downloading image 1...
  ✓ Downloaded: DOCD6xfjoR5_1_71808ee4.jpg
  Downloading image 2...
  ✓ Downloaded: DOCD6xfjoR5_2_e2f87d74.jpg
  Downloading image 3...
  ✓ Downloaded: DOCD6xfjoR5_3_79dc79e0.jpg
Processing post 13/200: DOCEwoBDyLV
  Downloading image 1...
  ✓ Downloaded: DOCEwoBDyLV_1_ece76956.jpg
  Downloading image 2...
  ✓ Downloaded: DOCEwoBDyLV_2_d0199e86.jpg
Processing post 14/200: DOeXMQGDk1f
  Downloading image 1...
  ✓ Downloaded: DOeXMQGDk1f_1_2b6f11d4.jpg
  Downloading image 2...
  ✓ Downloaded: DOeXMQGDk1f_2_bb98fe39.jpg
  Downloading image 3...
  ✓ Downloaded: DOeXMQGDk1f_3_506f973b.jpg
Processing post 15/200: DOCEKMejdnF
  Downloading image 1...
  ✓ Downloaded: DOCEKMejdnF_1_803b18c1.jpg
  Downloading image 2...
  ✓ Downloaded: DOCEKMejdnF_2_52138e23.jpg
  Downloading image 3...
  ✓ Downloaded: DOCEKMejdnF_3_869c83f2.jpg
Processing post 16/200: DOGyrgjjWFu
  Downloading image 1...
  ✓ Downloaded: DOGyrgjjWFu_1_d9680057.jpg
  Downloading image 2...
  ✓ Downloaded: DOGyrgjjWFu_2_69fa5e5f.jpg
  Downloading image 3...
  ✓ Downloaded: DOGyrgjjWFu_3_d64ebef6.jpg
Processing post 17/200: DOebg3igGn0
  Downloading image 1...
  ✓ Downloaded: DOebg3igGn0_1_a4c65e20.jpg
  Downloading image 2...
  ✓ Downloaded: DOebg3igGn0_2_8092397d.jpg
  Downloading image 3...
  ✓ Downloaded: DOebg3igGn0_3_b03f2b6a.jpg
Processing post 18/200: DOeWT26j_qK
  Downloading image 1...
  ✓ Downloaded: DOeWT26j_qK_1_54e44a0f.jpg
  Downloading image 2...
  ✓ Downloaded: DOeWT26j_qK_2_13daa6da.jpg
  Downloading image 3...
  ✓ Downloaded: DOeWT26j_qK_3_c841be2b.jpg
Processing post 19/200: DOrDc7lj4JX
  Downloading image 1...
  ✓ Downloaded: DOrDc7lj4JX_1_23409d72.jpg
  Downloading image 2...
  ✓ Downloaded: DOrDc7lj4JX_2_b7f3ae86.jpg
  Downloading image 3...
  ✓ Downloaded: DOrDc7lj4JX_3_a58a1015.jpg
Processing post 20/200: DPCVfDoE_Fa
  Downloading image 1...
  ✓ Downloaded: DPCVfDoE_Fa_1_7384d9aa.jpg
  Downloading image 2...
  ✓ Downloaded: DPCVfDoE_Fa_2_c7915ce9.jpg
  Downloading image 3...
  ✓ Downloaded: DPCVfDoE_Fa_3_7c3c1130.jpg
Processing post 21/200: DOebz07j7rk
  Downloading image 1...
  ✓ Downloaded: DOebz07j7rk_1_ddf3159f.jpg
  Downloading image 2...
  ✓ Downloaded: DOebz07j7rk_2_2807beef.jpg
  Downloading image 3...
  ✓ Downloaded: DOebz07j7rk_3_6860a701.jpg
Processed 20 items, pausing...
Processing post 22/200: DOCNh9lCQp0
  Downloading image 1...
  ✓ Downloaded: DOCNh9lCQp0_1_21ee240f.jpg
  Downloading image 2...
  ✓ Downloaded: DOCNh9lCQp0_2_b646d4ce.jpg
  Downloading image 3...
  ✓ Downloaded: DOCNh9lCQp0_3_b3b9471c.jpg
Processing post 23/200: DKNeZYksmqb
  Downloading image 1...
  ✓ Downloaded: DKNeZYksmqb_1_ec34b196.jpg
  Downloading image 2...
  ✓ Downloaded: DKNeZYksmqb_2_427ef2a7.jpg
Processing post 24/200: DOCCreKjFej
  Downloading image 1...
  ✓ Downloaded: DOCCreKjFej_1_b360741f.jpg
  Downloading image 2...
  ✓ Downloaded: DOCCreKjFej_2_6d8afe21.jpg
  Downloading image 3...
  ✓ Downloaded: DOCCreKjFej_3_995903dd.jpg
Processing post 25/200: DNUyTJnsKY9
  Downloading image 1...
  ✓ Downloaded: DNUyTJnsKY9_1_f8573985.jpg
  Downloading image 2...
  ✓ Downloaded: DNUyTJnsKY9_2_4657af41.jpg
  Downloading image 3...
  ✓ Downloaded: DNUyTJnsKY9_3_c8936992.jpg
Processing post 26/200: DNH2G9ntxGe
  Downloading image 1...
  ✓ Downloaded: DNH2G9ntxGe_1_17bbab5f.jpg
  Downloading image 2...
  ✓ Downloaded: DNH2G9ntxGe_2_ce32d99b.jpg
  Downloading image 3...
  ✓ Downloaded: DNH2G9ntxGe_3_75cbf9ee.jpg
Processing post 27/200: DNH17mSNFhd
  Downloading image 1...
  ✓ Downloaded: DNH17mSNFhd_1_1bdf1bd5.jpg
  Downloading image 2...
  ✓ Downloaded: DNH17mSNFhd_2_90fb6ddb.jpg
  Downloading image 3...
  ✓ Downloaded: DNH17mSNFhd_3_e3bd76e3.jpg
Processing post 28/200: DNPPWSkxl-r
  Downloading image 1...
  ✓ Downloaded: DNPPWSkxl-r_1_d208b281.jpg
  Downloading image 2...
  ✓ Downloaded: DNPPWSkxl-r_2_47d1ee0c.jpg
  Downloading image 3...
  ✓ Downloaded: DNPPWSkxl-r_3_3f6f1275.jpg
Processing post 29/200: DNPPpD6RH5Q
  Downloading image 1...
  ✓ Downloaded: DNPPpD6RH5Q_1_c479ea8c.jpg
  Downloading image 2...
  ✓ Downloaded: DNPPpD6RH5Q_2_844dba84.jpg
  Downloading image 3...
  ✓ Downloaded: DNPPpD6RH5Q_3_d6e8f47c.jpg
Processing post 30/200: DOeX1tQD_vP
  Downloading image 1...
  ✓ Downloaded: DOeX1tQD_vP_1_17565664.jpg
  Downloading image 2...
  ✓ Downloaded: DOeX1tQD_vP_2_1637a43b.jpg
  Downloading image 3...
  ✓ Downloaded: DOeX1tQD_vP_3_db63ab23.jpg
Processing post 31/200: DOCDE_qjn6D
  Downloading image 1...
  ✓ Downloaded: DOCDE_qjn6D_1_761cc6f9.jpg
  Downloading image 2...
  ✓ Downloaded: DOCDE_qjn6D_2_5ca798da.jpg
  Downloading image 3...
  ✓ Downloaded: DOCDE_qjn6D_3_c4c55963.jpg
Processed 30 items, pausing...
Processing post 32/200: DOCDd8UFaSt
  Downloading image 1...
  ✓ Downloaded: DOCDd8UFaSt_1_defff02f.jpg
  Downloading image 2...
  ✓ Downloaded: DOCDd8UFaSt_2_916e61dd.jpg
Processing post 33/200: DNPOfA5RPOR
  Downloading image 1...
  ✓ Downloaded: DNPOfA5RPOR_1_3023555f.jpg
  Downloading image 2...
  ✓ Downloaded: DNPOfA5RPOR_2_cd5e7eea.jpg
  Downloading image 3...
  ✓ Downloaded: DNPOfA5RPOR_3_e504ace4.jpg
Processing post 34/200: DOCDumBjnxj
  Downloading image 1...
  ✓ Downloaded: DOCDumBjnxj_1_4e75db1a.jpg
  Downloading image 2...
  ✓ Downloaded: DOCDumBjnxj_2_c0bfdb55.jpg
  Downloading image 3...
  ✓ Downloaded: DOCDumBjnxj_3_957c49f9.jpg
Processing post 35/200: DKNcU50uKl_
  Downloading image 1...
  ✓ Downloaded: DKNcU50uKl__1_968e674f.jpg
  Downloading image 2...
  ✓ Downloaded: DKNcU50uKl__2_975ff429.jpg
Processing post 36/200: DKNeG5dvKPB
  Downloading image 1...
  ✓ Downloaded: DKNeG5dvKPB_1_eb2d41c4.jpg
  Downloading image 2...
  ✓ Downloaded: DKNeG5dvKPB_2_16ef3389.jpg
Processing post 37/200: DKNdjLqAMSi
  Downloading image 1...
  ✓ Downloaded: DKNdjLqAMSi_1_299003a5.jpg
  Downloading image 2...
  ✓ Downloaded: DKNdjLqAMSi_2_0d0722aa.jpg
Processing post 38/200: DKNeQFepYVB
  Downloading image 1...
  ✓ Downloaded: DKNeQFepYVB_1_29a97d55.jpg
  Downloading image 2...
  ✓ Downloaded: DKNeQFepYVB_2_7c71d499.jpg
  Downloading image 3...
  ✓ Downloaded: DKNeQFepYVB_3_291793da.jpg
Processing post 39/200: DKNdalZNbXb
  Downloading image 1...
  ✓ Downloaded: DKNdalZNbXb_1_93b2fa09.jpg
  Downloading image 2...
  ✓ Downloaded: DKNdalZNbXb_2_a522f1b0.jpg
Processing post 40/200: DKNdQ1qu57n
  Downloading image 1...
  ✓ Downloaded: DKNdQ1qu57n_1_e87a58c5.jpg
  Downloading image 2...
  ✓ Downloaded: DKNdQ1qu57n_2_8d87a07b.jpg
  Downloading image 3...
  ✓ Downloaded: DKNdQ1qu57n_3_093a1145.jpg
Processing post 41/200: DKNcCsrPImp
  Downloading image 1...
  ✓ Downloaded: DKNcCsrPImp_1_9ccda163.jpg
  Downloading image 2...
  ✓ Downloaded: DKNcCsrPImp_2_da66ff95.jpg
  Downloading image 3...
  ✓ Downloaded: DKNcCsrPImp_3_1a0d3f37.jpg
Processed 40 items, pausing...
Processing post 42/200: DKNcK1KJfOj
  Downloading image 1...
  ✓ Downloaded: DKNcK1KJfOj_1_be9d1861.jpg
Processing post 43/200: DJiXISlxewn
  Downloading image 1...
  ✓ Downloaded: DJiXISlxewn_1_eca8df70.jpg
  Downloading image 2...
  ✓ Downloaded: DJiXISlxewn_2_7a9d42ba.jpg
Processing post 44/200: DJr_craPGu6
  Downloading image 1...
  ✓ Downloaded: DJr_craPGu6_1_16de99aa.jpg
  Downloading image 2...
  ✓ Downloaded: DJr_craPGu6_2_bd7339fa.jpg
  Downloading image 3...
  ✓ Downloaded: DJr_craPGu6_3_f63fbb02.jpg
Processing post 45/200: DJr82LBuB-x
  Downloading image 1...
  ✓ Downloaded: DJr82LBuB-x_1_d3fd0bbe.jpg
  Downloading image 2...
  ✓ Downloaded: DJr82LBuB-x_2_6e3bf6e4.jpg
  Downloading image 3...
  ✓ Downloaded: DJr82LBuB-x_3_56841afd.jpg
Processing post 46/200: DJiaXoCR_qN
  Downloading image 1...
  ✓ Downloaded: DJiaXoCR_qN_1_c37c5569.jpg
  Downloading image 2...
  ✓ Downloaded: DJiaXoCR_qN_2_1710df4e.jpg
  Downloading image 3...
  ✓ Downloaded: DJiaXoCR_qN_3_61cea06e.jpg
Processing post 47/200: DJiYWOrROu-
  Downloading image 1...
  ✓ Downloaded: DJiYWOrROu-_1_d0c6e403.jpg
  Downloading image 2...
  ✓ Downloaded: DJiYWOrROu-_2_a47aceca.jpg
  Downloading image 3...
  ✓ Downloaded: DJiYWOrROu-_3_f913de37.jpg
Processing post 48/200: DJiXd-DRQZh
  Downloading image 1...
  ✗ Failed to download image 1: connect ETIMEDOUT 2602:107:f000:4:face:b00c:3333:a3f:443
  Downloading image 2...
  ✗ Failed to download image 2: connect ETIMEDOUT 2602:107:f000:4:face:b00c:3333:a3f:443
  Downloading image 3...
  ✗ Failed to download image 3: connect ETIMEDOUT 2602:107:f000:4:face:b00c:3333:a3f:443
  ⚠ No images downloaded for DJiXd-DRQZh, skipping product
Processing post 49/200: DJr7jI0vzgN
  Downloading image 1...
  ✓ Downloaded: DJr7jI0vzgN_1_f9ad44c2.jpg
  Downloading image 2...
  ✓ Downloaded: DJr7jI0vzgN_2_cb66b190.jpg
  Downloading image 3...
  ✓ Downloaded: DJr7jI0vzgN_3_f9b9de3a.jpg
Processing post 50/200: DJr-Gd0PM5C
  Downloading image 1...
  ✓ Downloaded: DJr-Gd0PM5C_1_ad76c8fe.jpg
  Downloading image 2...
  ✓ Downloaded: DJr-Gd0PM5C_2_b6bd7c6b.jpg
Processing post 51/200: DKNc1GTOJRV
  Downloading image 1...
  ✓ Downloaded: DKNc1GTOJRV_1_2b8bf0c8.jpg
Processed 50 items, pausing...
Processing post 52/200: DJr7cv8R2aj
  Downloading image 1...
  ✓ Downloaded: DJr7cv8R2aj_1_9f7dbfea.jpg
  Downloading image 2...
  ✓ Downloaded: DJr7cv8R2aj_2_fc95a6a0.jpg
  Downloading image 3...
  ✓ Downloaded: DJr7cv8R2aj_3_b5831aad.jpg
Processing post 53/200: DJr_w_DtOBG
  Downloading image 1...
  ✓ Downloaded: DJr_w_DtOBG_1_577b987a.jpg
  Downloading image 2...
  ✓ Downloaded: DJr_w_DtOBG_2_ad14a8c5.jpg
  Downloading image 3...
  ✓ Downloaded: DJr_w_DtOBG_3_3dfaaf27.jpg
Processing post 54/200: DJiJaHRRyd8
  Downloading image 1...
  ✓ Downloaded: DJiJaHRRyd8_1_1a1f24bd.jpg
  Downloading image 2...
  ✓ Downloaded: DJiJaHRRyd8_2_3e1e85ac.jpg
  Downloading image 3...
  ✓ Downloaded: DJiJaHRRyd8_3_1e245f47.jpg
Processing post 55/200: DJiS5oaRuJv
  Downloading image 1...
  ✓ Downloaded: DJiS5oaRuJv_1_0729ac87.jpg
  Downloading image 2...
  ✓ Downloaded: DJiS5oaRuJv_2_9083cf9b.jpg
  Downloading image 3...
  ✓ Downloaded: DJiS5oaRuJv_3_aae94280.jpg
Processing post 56/200: DJiOEZ1RU2q
  Downloading image 1...
  ✓ Downloaded: DJiOEZ1RU2q_1_a9a7f2dc.jpg
  Downloading image 2...
  ✓ Downloaded: DJiOEZ1RU2q_2_3cd5d7d4.jpg
  Downloading image 3...
  ✓ Downloaded: DJiOEZ1RU2q_3_f8dd42b3.jpg
Processing post 57/200: DJiVTehx_Go
  Downloading image 1...
  ✓ Downloaded: DJiVTehx_Go_1_a45e5889.jpg
  Downloading image 2...
  ✓ Downloaded: DJiVTehx_Go_2_21640c6b.jpg
Processing post 58/200: DJiUyyVRfUi
  Downloading image 1...
  ✓ Downloaded: DJiUyyVRfUi_1_5691636d.jpg
  Downloading image 2...
  ✓ Downloaded: DJiUyyVRfUi_2_929cfa4c.jpg
  Downloading image 3...
  ✓ Downloaded: DJiUyyVRfUi_3_f0e218c4.jpg
Processing post 59/200: DJiJ-R8R0lQ
  Downloading image 1...
  ✓ Downloaded: DJiJ-R8R0lQ_1_bf002e77.jpg
  Downloading image 2...
  ✓ Downloaded: DJiJ-R8R0lQ_2_177795ed.jpg
  Downloading image 3...
  ✓ Downloaded: DJiJ-R8R0lQ_3_cef40eb4.jpg
Processing post 60/200: DJiHgtLRJ3V
  Downloading image 1...
  ✓ Downloaded: DJiHgtLRJ3V_1_6bf1b8a2.jpg
  Downloading image 2...
  ✓ Downloaded: DJiHgtLRJ3V_2_5d6738e6.jpg
  Downloading image 3...
  ✓ Downloaded: DJiHgtLRJ3V_3_32be3b95.jpg
Processing post 61/200: DJiRz8SRbAO
  Downloading image 1...
  ✓ Downloaded: DJiRz8SRbAO_1_dc8adad7.jpg
  Downloading image 2...
  ✓ Downloaded: DJiRz8SRbAO_2_332fbbac.jpg
  Downloading image 3...
  ✓ Downloaded: DJiRz8SRbAO_3_c6303891.jpg
Processed 60 items, pausing...
Processing post 62/200: DJiWVHtxq2m
  Downloading image 1...
  ✓ Downloaded: DJiWVHtxq2m_1_e37e3a65.jpg
  Downloading image 2...
  ✓ Downloaded: DJiWVHtxq2m_2_55e428e8.jpg
  Downloading image 3...
  ✓ Downloaded: DJiWVHtxq2m_3_12c57f0c.jpg
Processing post 63/200: DJr8aFTRUIh
  Downloading image 1...
  ✓ Downloaded: DJr8aFTRUIh_1_0f1afa2d.jpg
  Downloading image 2...
  ✓ Downloaded: DJr8aFTRUIh_2_a9526b5e.jpg
  Downloading image 3...
  ✓ Downloaded: DJr8aFTRUIh_3_a6af7d50.jpg
Processing post 64/200: DJr9TMWPWzO
  Downloading image 1...
  ✓ Downloaded: DJr9TMWPWzO_1_61011c03.jpg
  Downloading image 2...
  ✓ Downloaded: DJr9TMWPWzO_2_8d06b418.jpg
  Downloading image 3...
  ✓ Downloaded: DJr9TMWPWzO_3_3db7a0a2.jpg
Processing post 65/200: DJiI6Cgxrk2
  Downloading image 1...
  ✓ Downloaded: DJiI6Cgxrk2_1_7dface4a.jpg
  Downloading image 2...
  ✓ Downloaded: DJiI6Cgxrk2_2_82d0ade4.jpg
  Downloading image 3...
  ✓ Downloaded: DJiI6Cgxrk2_3_df60e567.jpg
Processing post 66/200: DJiaOsURh8G
  Downloading image 1...
  ✓ Downloaded: DJiaOsURh8G_1_11223470.jpg
  Downloading image 2...
  ✓ Downloaded: DJiaOsURh8G_2_682e259b.jpg
Processing post 67/200: DGn_7x3yDMb
  Downloading image 1...
  ✓ Downloaded: DGn_7x3yDMb_1_1388300f.jpg
  Downloading image 2...
  ✓ Downloaded: DGn_7x3yDMb_2_2a409866.jpg
  Downloading image 3...
  ✓ Downloaded: DGn_7x3yDMb_3_2ff908da.jpg
Processing post 68/200: DGn_RybP4L5
  Downloading image 1...
  ✓ Downloaded: DGn_RybP4L5_1_73b17953.jpg
  Downloading image 2...
  ✓ Downloaded: DGn_RybP4L5_2_f3eac80e.jpg
  Downloading image 3...
  ✓ Downloaded: DGn_RybP4L5_3_3d8d0178.jpg
Processing post 69/200: DGoBXBJPTZq
  Downloading image 1...
  ✓ Downloaded: DGoBXBJPTZq_1_d134a70c.jpg
  Downloading image 2...
  ✓ Downloaded: DGoBXBJPTZq_2_7f1a9cbe.jpg
Processing post 70/200: DGoBRz0Mt1T
  Downloading image 1...
  ✓ Downloaded: DGoBRz0Mt1T_1_26027723.jpg
  Downloading image 2...
  ✓ Downloaded: DGoBRz0Mt1T_2_6132ccb8.jpg
  Downloading image 3...
  ✓ Downloaded: DGoBRz0Mt1T_3_216d1f45.jpg
Processing post 71/200: DGn-PZ8NPhq
  Downloading image 1...
  ✓ Downloaded: DGn-PZ8NPhq_1_dac1d4ab.jpg
  Downloading image 2...
  ✓ Downloaded: DGn-PZ8NPhq_2_3d61d1e6.jpg
  Downloading image 3...
  ✓ Downloaded: DGn-PZ8NPhq_3_00889c96.jpg
Processed 70 items, pausing...
Processing post 72/200: DJhqjyVv00J
  Downloading image 1...
  ✓ Downloaded: DJhqjyVv00J_1_e1679790.jpg
  Downloading image 2...
  ✓ Downloaded: DJhqjyVv00J_2_a7546a4b.jpg
  Downloading image 3...
  ✓ Downloaded: DJhqjyVv00J_3_75d72ae0.jpg
Processing post 73/200: DGn8-atRvio
  Downloading image 1...
  ✓ Downloaded: DGn8-atRvio_1_db9f4ac7.jpg
  Downloading image 2...
  ✓ Downloaded: DGn8-atRvio_2_6f597e3b.jpg
Processing post 74/200: DKNc-TLJ1rd
  Downloading image 1...
  ✓ Downloaded: DKNc-TLJ1rd_1_e3bd2f22.jpg
  Downloading image 2...
  ✓ Downloaded: DKNc-TLJ1rd_2_2231afe0.jpg
Processing post 75/200: DJiKlJ8xwm5
  Downloading image 1...
  ✓ Downloaded: DJiKlJ8xwm5_1_9bc7f502.jpg
  Downloading image 2...
  ✓ Downloaded: DJiKlJ8xwm5_2_356044f3.jpg
  Downloading image 3...
  ✓ Downloaded: DJiKlJ8xwm5_3_13e5bb9f.jpg
Processing post 76/200: DJiVv6AROMH
  Downloading image 1...
  ✓ Downloaded: DJiVv6AROMH_1_20d03c08.jpg
  Downloading image 2...
  ✓ Downloaded: DJiVv6AROMH_2_5306e7b7.jpg
  Downloading image 3...
  ✓ Downloaded: DJiVv6AROMH_3_60d6544e.jpg
Processing post 77/200: DGn8V0bRAmK
  Downloading image 1...
  ✓ Downloaded: DGn8V0bRAmK_1_d14dcb5d.jpg
  Downloading image 2...
  ✓ Downloaded: DGn8V0bRAmK_2_d929364a.jpg
  Downloading image 3...
  ✓ Downloaded: DGn8V0bRAmK_3_517a73d9.jpg
Processing post 78/200: DOrFtR8jd_t
  Downloading image 1...
  ✓ Downloaded: DOrFtR8jd_t_1_ab518546.jpg
  Downloading image 2...
  ✓ Downloaded: DOrFtR8jd_t_2_c7c2cd63.jpg
  Downloading image 3...
  ✓ Downloaded: DOrFtR8jd_t_3_172766aa.jpg
Processing post 79/200: DFD2DfcP5xs
  Downloading image 1...
  ✓ Downloaded: DFD2DfcP5xs_1_a33a277e.jpg
  Downloading image 2...
  ✓ Downloaded: DFD2DfcP5xs_2_b54335a6.jpg
Processing post 80/200: DD8lae5RfrY
  Downloading image 1...
  ✓ Downloaded: DD8lae5RfrY_1_c1ecaac6.jpg
  Downloading image 2...
  ✓ Downloaded: DD8lae5RfrY_2_896269b1.jpg
  Downloading image 3...
  ✓ Downloaded: DD8lae5RfrY_3_913615a8.jpg
Processing post 81/200: DFDysTGPY65
  Downloading image 1...
  ✓ Downloaded: DFDysTGPY65_1_0a1d4c31.jpg
  Downloading image 2...
  ✓ Downloaded: DFDysTGPY65_2_58bc871b.jpg
  Downloading image 3...
  ✓ Downloaded: DFDysTGPY65_3_94fc36db.jpg
Processed 80 items, pausing...
Processing post 82/200: DFD7teoPkIN
  Downloading image 1...
  ✓ Downloaded: DFD7teoPkIN_1_4480512d.jpg
  Downloading image 2...
  ✓ Downloaded: DFD7teoPkIN_2_60267cf5.jpg
Processing post 83/200: DFDyR6SPQzP
  Downloading image 1...
  ✓ Downloaded: DFDyR6SPQzP_1_da5ea181.jpg
  Downloading image 2...
  ✓ Downloaded: DFDyR6SPQzP_2_2c86836d.jpg
Processing post 84/200: DD8klq5R3wl
  Downloading image 1...
  ✓ Downloaded: DD8klq5R3wl_1_8d7528db.jpg
  Downloading image 2...
  ✓ Downloaded: DD8klq5R3wl_2_7e01d349.jpg
  Downloading image 3...
  ✓ Downloaded: DD8klq5R3wl_3_b193d95d.jpg
Processing post 85/200: DFD9wdxvHN-
  Downloading image 1...
  ✓ Downloaded: DFD9wdxvHN-_1_2d26e293.jpg
  Downloading image 2...
  ✓ Downloaded: DFD9wdxvHN-_2_91b507b5.jpg
  Downloading image 3...
  ✓ Downloaded: DFD9wdxvHN-_3_4128d98c.jpg
Processing post 86/200: DFD1vzuvhdS
  Downloading image 1...
  ✓ Downloaded: DFD1vzuvhdS_1_935f7aef.jpg
  Downloading image 2...
  ✓ Downloaded: DFD1vzuvhdS_2_aa750c30.jpg
Processing post 87/200: DD8kBMjxeuU
  Downloading image 1...
  ✓ Downloaded: DD8kBMjxeuU_1_291c06d4.jpg
  Downloading image 2...
  ✓ Downloaded: DD8kBMjxeuU_2_fd253d16.jpg
Processing post 88/200: DJhrBY7vSyO
  Downloading image 1...
  ✓ Downloaded: DJhrBY7vSyO_1_fb2839db.jpg
  Downloading image 2...
  ✓ Downloaded: DJhrBY7vSyO_2_6351c066.jpg
  Downloading image 3...
  ✓ Downloaded: DJhrBY7vSyO_3_09b2134f.jpg
Processing post 89/200: DGn95uPNiQ0
  Downloading image 1...
  ✓ Downloaded: DGn95uPNiQ0_1_ec603722.jpg
  Downloading image 2...
  ✓ Downloaded: DGn95uPNiQ0_2_b62920f0.jpg
Processing post 90/200: DDyLZlkx_q5
  Downloading image 1...
  ✗ Failed to download image 1: connect ETIMEDOUT 2600:5801:4003:3:face:b00c:3333:a3f:443
  Downloading image 2...
  ✗ Failed to download image 2: connect ETIMEDOUT 2600:5801:4003:2:face:b00c:3333:a3f:443
  Downloading image 3...
  ✗ Failed to download image 3: connect ETIMEDOUT 2600:5801:4003:2:face:b00c:3333:a3f:443
  ⚠ No images downloaded for DDyLZlkx_q5, skipping product
Processing post 91/200: DDyK61px_tr
  Downloading image 1...
  ✓ Downloaded: DDyK61px_tr_1_d302bc7f.jpg
Processed 90 items, pausing...
Processing post 92/200: DDyOvaiRNX4
  Downloading image 1...
  ✓ Downloaded: DDyOvaiRNX4_1_1258e018.jpg
  Downloading image 2...
  ✓ Downloaded: DDyOvaiRNX4_2_2a2bcd62.jpg
Processing post 93/200: DD8jrZEx2Tf
  Downloading image 1...
  ✓ Downloaded: DD8jrZEx2Tf_1_3591064e.jpg
  Downloading image 2...
  ✓ Downloaded: DD8jrZEx2Tf_2_b93832d8.jpg
  Downloading image 3...
  ✓ Downloaded: DD8jrZEx2Tf_3_67e965e9.jpg
Processing post 94/200: DDvrMTXRnLG
  Downloading image 1...
  ✓ Downloaded: DDvrMTXRnLG_1_4f65d87e.jpg
  Downloading image 2...
  ✓ Downloaded: DDvrMTXRnLG_2_97e99612.jpg
  Downloading image 3...
  ✓ Downloaded: DDvrMTXRnLG_3_0806daf3.jpg
Processing post 95/200: DDyPFPHx4xa
  Downloading image 1...
  ✓ Downloaded: DDyPFPHx4xa_1_5f61aeba.jpg
  Downloading image 2...
  ✓ Downloaded: DDyPFPHx4xa_2_9a4b3aec.jpg
  Downloading image 3...
  ✓ Downloaded: DDyPFPHx4xa_3_4084f8b8.jpg
Processing post 96/200: DDyMYFORdtu
  Downloading image 1...
  ✓ Downloaded: DDyMYFORdtu_1_0d4454ab.jpg
  Downloading image 2...
  ✓ Downloaded: DDyMYFORdtu_2_cd7569c5.jpg
Processing post 97/200: DDvnIaBx849
  Downloading image 1...
  ✓ Downloaded: DDvnIaBx849_1_f937999a.jpg
  Downloading image 2...
  ✓ Downloaded: DDvnIaBx849_2_10a3d7e6.jpg
Processing post 98/200: DD8jPX-x3Wt
  Downloading image 1...
  ✓ Downloaded: DD8jPX-x3Wt_1_779bd01c.jpg
  Downloading image 2...
  ✓ Downloaded: DD8jPX-x3Wt_2_8886e2d9.jpg
  Downloading image 3...
  ✓ Downloaded: DD8jPX-x3Wt_3_38fcb6a1.jpg
Processing post 99/200: DFD1Y-6PPrh
  Downloading image 1...
  ✓ Downloaded: DFD1Y-6PPrh_1_284a2b99.jpg
  Downloading image 2...
  ✓ Downloaded: DFD1Y-6PPrh_2_b6ae689a.jpg
Processing post 100/200: DDvpdMiRlw7
  Downloading image 1...
  ✓ Downloaded: DDvpdMiRlw7_1_47f0521c.jpg
  Downloading image 2...
  ✓ Downloaded: DDvpdMiRlw7_2_4d52cc8e.jpg
Processing post 101/200: DDvrkfTxsbK
  Downloading image 1...
  ✓ Downloaded: DDvrkfTxsbK_1_d0be2cb0.jpg
  Downloading image 2...
  ✓ Downloaded: DDvrkfTxsbK_2_b4c6a71f.jpg
  Downloading image 3...
  ✓ Downloaded: DDvrkfTxsbK_3_9c1090c3.jpg
Processed 100 items, pausing...
Processing post 102/200: DJhvFe-xU2W
  Downloading image 1...
  ✓ Downloaded: DJhvFe-xU2W_1_8d72dc02.jpg
  Downloading image 2...
  ✓ Downloaded: DJhvFe-xU2W_2_e87328f5.jpg
  Downloading image 3...
  ✓ Downloaded: DJhvFe-xU2W_3_f7b8b298.jpg
Processing post 103/200: DDvLUi-xVdQ
  Downloading image 1...
  ✓ Downloaded: DDvLUi-xVdQ_1_0e5060c9.jpg
  Downloading image 2...
  ✓ Downloaded: DDvLUi-xVdQ_2_0f1c096c.jpg
  Downloading image 3...
  ✓ Downloaded: DDvLUi-xVdQ_3_363403d6.jpg
Processing post 104/200: DDvlmd9R82k
  Downloading image 1...
  ✓ Downloaded: DDvlmd9R82k_1_bf77688d.jpg
  Downloading image 2...
  ✓ Downloaded: DDvlmd9R82k_2_0d8eeb55.jpg
Processing post 105/200: DDvmJDXRZhZ
  Downloading image 1...
  ✓ Downloaded: DDvmJDXRZhZ_1_674ea040.jpg
  Downloading image 2...
  ✓ Downloaded: DDvmJDXRZhZ_2_fe4aefc4.jpg
  Downloading image 3...
  ✓ Downloaded: DDvmJDXRZhZ_3_701eb73e.jpg
Processing post 106/200: DDvS4GfRZ1E
  Downloading image 1...
  ✓ Downloaded: DDvS4GfRZ1E_1_258dfd24.jpg
  Downloading image 2...
  ✓ Downloaded: DDvS4GfRZ1E_2_22746a0a.jpg
  Downloading image 3...
  ✓ Downloaded: DDvS4GfRZ1E_3_2ee756e2.jpg
Processing post 107/200: DDvmykiRWMj
  Downloading image 1...
  ✓ Downloaded: DDvmykiRWMj_1_1536fc67.jpg
  Downloading image 2...
  ✓ Downloaded: DDvmykiRWMj_2_c68ff08e.jpg
Processing post 108/200: DDvLus9RC5B
  Downloading image 1...
  ✓ Downloaded: DDvLus9RC5B_1_6f58552d.jpg
  Downloading image 2...
  ✓ Downloaded: DDvLus9RC5B_2_c53f6d3e.jpg
Processing post 109/200: DDvmeIexHb6
  Downloading image 1...
  ✓ Downloaded: DDvmeIexHb6_1_68ec190f.jpg
Processing post 110/200: DDvPBuIxTO4
  Downloading image 1...
  ✗ Failed to download image 1: 
  Downloading image 2...
  ✓ Downloaded: DDvPBuIxTO4_2_a49cc24b.jpg
Processing post 111/200: DDvTYfoR3Ya
  Downloading image 1...
  ✗ Failed to download image 1: connect ETIMEDOUT 2600:5801:4003:3:face:b00c:3333:a3f:443
  Downloading image 2...
  ✗ Failed to download image 2: connect ETIMEDOUT 2600:5801:4003:2:face:b00c:3333:a3f:443
  ⚠ No images downloaded for DDvTYfoR3Ya, skipping product
Processing post 112/200: DOCDPCrjyuL
  Downloading image 1...
  ✓ Downloaded: DOCDPCrjyuL_1_ba9beb11.jpg
  Downloading image 2...
  ✓ Downloaded: DOCDPCrjyuL_2_99ea377b.jpg
  Downloading image 3...
  ✓ Downloaded: DOCDPCrjyuL_3_bd8a6302.jpg
Processing post 113/200: DDvqH0xxmQM
  Downloading image 1...
  ✓ Downloaded: DDvqH0xxmQM_1_520426f6.jpg
  Downloading image 2...
  ✓ Downloaded: DDvqH0xxmQM_2_24ffa661.jpg
Processing post 114/200: DDkp1MoRl9y
  Downloading image 1...
  ✓ Downloaded: DDkp1MoRl9y_1_27af8e20.jpg
  Downloading image 2...
  ✓ Downloaded: DDkp1MoRl9y_2_6f3d571c.jpg
  Downloading image 3...
  ✓ Downloaded: DDkp1MoRl9y_3_43e295ca.jpg
Processing post 115/200: DGn7dL3xfo9
  Downloading image 1...
  ✓ Downloaded: DGn7dL3xfo9_1_d59c7f9e.jpg
  Downloading image 2...
  ✓ Downloaded: DGn7dL3xfo9_2_7ba0c8ec.jpg
  Downloading image 3...
  ✓ Downloaded: DGn7dL3xfo9_3_abda3c62.jpg
Processing post 116/200: DDkpE5ENx_V
  Downloading image 1...
  ✓ Downloaded: DDkpE5ENx_V_1_3a985c20.jpg
  Downloading image 2...
  ✓ Downloaded: DDkpE5ENx_V_2_c9eeb590.jpg
  Downloading image 3...
  ✓ Downloaded: DDkpE5ENx_V_3_a07d3f25.jpg
Processing post 117/200: DCzvDgrMoj6
  Downloading image 1...
  ✓ Downloaded: DCzvDgrMoj6_1_eae92218.jpg
  Downloading image 2...
  ✓ Downloaded: DCzvDgrMoj6_2_5fc46a79.jpg
Processing post 118/200: DCzudTxt7rO
  Downloading image 1...
  ✓ Downloaded: DCzudTxt7rO_1_011a5432.jpg
Processing post 119/200: DC58UuBRZvh
  Downloading image 1...
  ✓ Downloaded: DC58UuBRZvh_1_3c85ecfa.jpg
  Downloading image 2...
  ✓ Downloaded: DC58UuBRZvh_2_a5ea5a70.jpg
  Downloading image 3...
  ✓ Downloaded: DC58UuBRZvh_3_011e4038.jpg
Processing post 120/200: DDvJl6zxOqv
  Downloading image 1...
  ✓ Downloaded: DDvJl6zxOqv_1_309d952a.jpg
  Downloading image 2...
  ✓ Downloaded: DDvJl6zxOqv_2_4eff1306.jpg
  Downloading image 3...
  ✓ Downloaded: DDvJl6zxOqv_3_d48a2a88.jpg
Processing post 121/200: DDkpP7QyFFd
  Downloading image 1...
  ✓ Downloaded: DDkpP7QyFFd_1_8ed0f11f.jpg
  Downloading image 2...
  ✓ Downloaded: DDkpP7QyFFd_2_dd111b1e.jpg
  Downloading image 3...
  ✓ Downloaded: DDkpP7QyFFd_3_e946437c.jpg
Processed 120 items, pausing...
Processing post 122/200: DCzvH67h6B9
  Downloading image 1...
  ✓ Downloaded: DCzvH67h6B9_1_a2b8f9ef.jpg
  Downloading image 2...
  ✓ Downloaded: DCzvH67h6B9_2_b9c02e19.jpg
Processing post 123/200: DDvIyv1x_54
  Downloading image 1...
  ✓ Downloaded: DDvIyv1x_54_1_1d4e8dae.jpg
  Downloading image 2...
  ✓ Downloaded: DDvIyv1x_54_2_e811c006.jpg
Processing post 124/200: DCzt-agNnTg
  Downloading image 1...
  ✓ Downloaded: DCzt-agNnTg_1_068e8269.jpg
  Downloading image 2...
  ✓ Downloaded: DCzt-agNnTg_2_98a84659.jpg
Processing post 125/200: DDvJN2PxSho
  Downloading image 1...
  ✓ Downloaded: DDvJN2PxSho_1_4658c090.jpg
  Downloading image 2...
  ✓ Downloaded: DDvJN2PxSho_2_fe894ef5.jpg
  Downloading image 3...
  ✓ Downloaded: DDvJN2PxSho_3_002e870a.jpg
Processing post 126/200: DDvK-SNRMeL
  Downloading image 1...
  ✓ Downloaded: DDvK-SNRMeL_1_d7804a99.jpg
  Downloading image 2...
  ✓ Downloaded: DDvK-SNRMeL_2_2f1e7e45.jpg
Processing post 127/200: DDvlIWIxJrH
  Downloading image 1...
  ✓ Downloaded: DDvlIWIxJrH_1_6b5cb0d9.jpg
  Downloading image 2...
  ✓ Downloaded: DDvlIWIxJrH_2_73b30c00.jpg
Processing post 128/200: DDvQKROREmN
  Downloading image 1...
  ✓ Downloaded: DDvQKROREmN_1_5b1b65a0.jpg
  Downloading image 2...
  ✓ Downloaded: DDvQKROREmN_2_0da0ae95.jpg
  Downloading image 3...
  ✓ Downloaded: DDvQKROREmN_3_01735f0c.jpg
Processing post 129/200: DJhv0i0RcwK
  Downloading image 1...
  ✓ Downloaded: DJhv0i0RcwK_1_15c6d26d.jpg
  Downloading image 2...
  ✓ Downloaded: DJhv0i0RcwK_2_e5b68352.jpg
  Downloading image 3...
  ✓ Downloaded: DJhv0i0RcwK_3_9a624e4e.jpg
Processing post 130/200: DC4kBTxBAzX
  Downloading image 1...
  ✓ Downloaded: DC4kBTxBAzX_1_eee1af46.jpg
  Downloading image 2...
  ✓ Downloaded: DC4kBTxBAzX_2_670f7a7c.jpg
  Downloading image 3...
  ✓ Downloaded: DC4kBTxBAzX_3_29c13917.jpg
Processing post 131/200: DCztlKCvpXf
  Downloading image 1...
  ✓ Downloaded: DCztlKCvpXf_1_9b88c954.jpg
  Downloading image 2...
  ✓ Downloaded: DCztlKCvpXf_2_126755cb.jpg
  Downloading image 3...
  ✓ Downloaded: DCztlKCvpXf_3_d433c73c.jpg
Processed 130 items, pausing...
Processing post 132/200: DCzsTj9sOFL
  Downloading image 1...
  ✓ Downloaded: DCzsTj9sOFL_1_22259f2b.jpg
  Downloading image 2...
  ✓ Downloaded: DCzsTj9sOFL_2_65d497b3.jpg
Processing post 133/200: DCzoF32tOwl
  Downloading image 1...
  ✓ Downloaded: DCzoF32tOwl_1_c1847c4e.jpg
  Downloading image 2...
  ✓ Downloaded: DCzoF32tOwl_2_4c2d0231.jpg
Processing post 134/200: DCzrFiEOLo5
  Downloading image 1...
  ✓ Downloaded: DCzrFiEOLo5_1_72e01a5a.jpg
  Downloading image 2...
  ✓ Downloaded: DCzrFiEOLo5_2_0d8e5dfc.jpg
Processing post 135/200: DCzp9nmMALn
  Downloading image 1...
  ✓ Downloaded: DCzp9nmMALn_1_a06cbffd.jpg
  Downloading image 2...
  ✓ Downloaded: DCzp9nmMALn_2_2f2de20f.jpg
Processing post 136/200: DCzs64NPnCw
  Downloading image 1...
  ✓ Downloaded: DCzs64NPnCw_1_265995b5.jpg
  Downloading image 2...
  ✓ Downloaded: DCzs64NPnCw_2_46cb4683.jpg
Processing post 137/200: DCzpnhfthKa
  Downloading image 1...
  ✓ Downloaded: DCzpnhfthKa_1_0cdbf482.jpg
  Downloading image 2...
  ✓ Downloaded: DCzpnhfthKa_2_61b184f7.jpg
  Downloading image 3...
  ✓ Downloaded: DCzpnhfthKa_3_10de1533.jpg
Processing post 138/200: DCzogXGNAwx
  Downloading image 1...
  ✓ Downloaded: DCzogXGNAwx_1_90e9c5b9.jpg
  Downloading image 2...
  ✓ Downloaded: DCzogXGNAwx_2_3815a1ec.jpg
  Downloading image 3...
  ✓ Downloaded: DCzogXGNAwx_3_0b2a6c3e.jpg
Processing post 139/200: DCzrYq0Pik9
  Downloading image 1...
  ✓ Downloaded: DCzrYq0Pik9_1_14b595c1.jpg
  Downloading image 2...
  ✓ Downloaded: DCzrYq0Pik9_2_eb51de17.jpg
Processing post 140/200: DCzrtxtSn4F
  Downloading image 1...
  ✓ Downloaded: DCzrtxtSn4F_1_e564340c.jpg
  Downloading image 2...
  ✓ Downloaded: DCzrtxtSn4F_2_f892efa0.jpg
Processing post 141/200: DCzsk3wS8bW
  Downloading image 1...
  ✓ Downloaded: DCzsk3wS8bW_1_e85e451b.jpg
  Downloading image 2...
  ✓ Downloaded: DCzsk3wS8bW_2_c88d089f.jpg
Processed 140 items, pausing...
Processing post 142/200: DCzlTUZOT1I
  Downloading image 1...
  ✓ Downloaded: DCzlTUZOT1I_1_7619f67d.jpg
  Downloading image 2...
  ✓ Downloaded: DCzlTUZOT1I_2_67e5f094.jpg
Processing post 143/200: DCCcdAttIqt
  Downloading image 1...
  ✓ Downloaded: DCCcdAttIqt_1_9c25875b.jpg
  Downloading image 2...
  ✓ Downloaded: DCCcdAttIqt_2_ba42fb49.jpg
Processing post 144/200: DCCeMUgOAQA
  Downloading image 1...
  ✓ Downloaded: DCCeMUgOAQA_1_5425147d.jpg
  Downloading image 2...
  ✓ Downloaded: DCCeMUgOAQA_2_5e07021c.jpg
  Downloading image 3...
  ✓ Downloaded: DCCeMUgOAQA_3_184f2b18.jpg
Processing post 145/200: DCCdSyUxWy0
  Downloading image 1...
  ✓ Downloaded: DCCdSyUxWy0_1_8ff71c44.jpg
  Downloading image 2...
  ✓ Downloaded: DCCdSyUxWy0_2_4ebedc98.jpg
  Downloading image 3...
  ✓ Downloaded: DCCdSyUxWy0_3_2be5cd77.jpg
Processing post 146/200: DCznLOiv4G1
  Downloading image 1...
  ✓ Downloaded: DCznLOiv4G1_1_028af320.jpg
  Downloading image 2...
  ✓ Downloaded: DCznLOiv4G1_2_d0ff09f7.jpg
  Downloading image 3...
  ✓ Downloaded: DCznLOiv4G1_3_adca03ce.jpg
Processing post 147/200: DCCf9vHO7tp
  Downloading image 1...
  ✓ Downloaded: DCCf9vHO7tp_1_63eeeb68.jpg
  Downloading image 2...
  ✓ Downloaded: DCCf9vHO7tp_2_107666f6.jpg
  Downloading image 3...
  ✓ Downloaded: DCCf9vHO7tp_3_a30d2c00.jpg
Processing post 148/200: DCCcE7KO8hQ
  Downloading image 1...
  ✓ Downloaded: DCCcE7KO8hQ_1_91858459.jpg
  Downloading image 2...
  ✓ Downloaded: DCCcE7KO8hQ_2_2232c0bf.jpg
Processing post 149/200: DCzmm3Ut7sA
  Downloading image 1...
  ✓ Downloaded: DCzmm3Ut7sA_1_693eb341.jpg
  Downloading image 2...
  ✓ Downloaded: DCzmm3Ut7sA_2_ea58f0fa.jpg
  Downloading image 3...
  ✓ Downloaded: DCzmm3Ut7sA_3_5f0780cb.jpg
Processing post 150/200: DCCUEWmxV9j
  Downloading image 1...
  ✗ Failed to download image 1: connect ETIMEDOUT 2605:a000:200:2c:face:b00c:3333:a3f:443
  Downloading image 2...
  ✗ Failed to download image 2: connect ETIMEDOUT 2605:a000:200:2d:face:b00c:3333:a3f:443
  Downloading image 3...
  ✗ Failed to download image 3: connect ETIMEDOUT 2605:a000:200:2d:face:b00c:3333:a3f:443
  ⚠ No images downloaded for DCCUEWmxV9j, skipping product
Processing post 151/200: DCCc0PlsAdh
  Downloading image 1...
  ✓ Downloaded: DCCc0PlsAdh_1_6136d841.jpg
  Downloading image 2...
  ✓ Downloaded: DCCc0PlsAdh_2_afc5e550.jpg
Processed 150 items, pausing...
Processing post 152/200: DCCep7PuTx6
  Downloading image 1...
  ✓ Downloaded: DCCep7PuTx6_1_0622118a.jpg
  Downloading image 2...
  ✓ Downloaded: DCCep7PuTx6_2_b41779a5.jpg
Processing post 153/200: DKNdxHUSUBP
  Downloading image 1...
  ✓ Downloaded: DKNdxHUSUBP_1_892546a8.jpg
  Downloading image 2...
  ✓ Downloaded: DKNdxHUSUBP_2_4827788e.jpg
  Downloading image 3...
  ✓ Downloaded: DKNdxHUSUBP_3_de8aac30.jpg
Processing post 154/200: DCCdmrBP9DY
  Downloading image 1...
  ✓ Downloaded: DCCdmrBP9DY_1_f25138bf.jpg
  Downloading image 2...
  ✓ Downloaded: DCCdmrBP9DY_2_5410c260.jpg
  Downloading image 3...
  ✓ Downloaded: DCCdmrBP9DY_3_3f330b10.jpg
Processing post 155/200: DCzqyGKA3--
  Downloading image 1...
  ✓ Downloaded: DCzqyGKA3--_1_75e87757.jpg
  Downloading image 2...
  ✓ Downloaded: DCzqyGKA3--_2_063a5935.jpg
Processing post 156/200: DJhwQadRcNL
  Downloading image 1...
  ✓ Downloaded: DJhwQadRcNL_1_32045b8f.jpg
  Downloading image 2...
  ✓ Downloaded: DJhwQadRcNL_2_6c817b02.jpg
  Downloading image 3...
  ✓ Downloaded: DJhwQadRcNL_3_ee1c4d4d.jpg
Processing post 157/200: DCCM0_DR2Hu
  Downloading image 1...
  ✓ Downloaded: DCCM0_DR2Hu_1_a117141f.jpg
  Downloading image 2...
  ✓ Downloaded: DCCM0_DR2Hu_2_030838ef.jpg
Processing post 158/200: DCCLs6BxSEN
  Downloading image 1...
  ✓ Downloaded: DCCLs6BxSEN_1_68ae24d9.jpg
  Downloading image 2...
  ✓ Downloaded: DCCLs6BxSEN_2_3a87f9d1.jpg
Processing post 159/200: DCCQgGjxVPU
  Downloading image 1...
  ✓ Downloaded: DCCQgGjxVPU_1_89acd6d0.jpg
  Downloading image 2...
  ✓ Downloaded: DCCQgGjxVPU_2_9eaaf34a.jpg
Processing post 160/200: DCCTGgqxM0i
  Downloading image 1...
  ✓ Downloaded: DCCTGgqxM0i_1_f451dc99.jpg
  Downloading image 2...
  ✓ Downloaded: DCCTGgqxM0i_2_90bc9708.jpg
  Downloading image 3...
  ✓ Downloaded: DCCTGgqxM0i_3_fdf559f2.jpg
Processing post 161/200: DCCP11oxNHq
  Downloading image 1...
  ✓ Downloaded: DCCP11oxNHq_1_acbbedb0.jpg
  Downloading image 2...
  ✓ Downloaded: DCCP11oxNHq_2_680621fb.jpg
Processed 160 items, pausing...
Processing post 162/200: DB7er0lRZmp
  Downloading image 1...
  ✓ Downloaded: DB7er0lRZmp_1_4061ca84.jpg
  Downloading image 2...
  ✓ Downloaded: DB7er0lRZmp_2_470ea2e7.jpg
  Downloading image 3...
  ✓ Downloaded: DB7er0lRZmp_3_e1f4a0eb.jpg
Processing post 163/200: DCCMJe9x-n_
  Downloading image 1...
  ✓ Downloaded: DCCMJe9x-n__1_3ff8b15e.jpg
  Downloading image 2...
  ✓ Downloaded: DCCMJe9x-n__2_f84e6461.jpg
Processing post 164/200: DCCO4JBxzxK
  Downloading image 1...
  ✓ Downloaded: DCCO4JBxzxK_1_60902161.jpg
  Downloading image 2...
  ✓ Downloaded: DCCO4JBxzxK_2_4b15a080.jpg
Processing post 165/200: DB0B70bx1Mb
  Downloading image 1...
  ✓ Downloaded: DB0B70bx1Mb_1_cb7502e9.jpg
  Downloading image 2...
  ✓ Downloaded: DB0B70bx1Mb_2_a32cd54d.jpg
Processing post 166/200: DBz_HJmREp7
  Downloading image 1...
  ✓ Downloaded: DBz_HJmREp7_1_072e3a84.jpg
  Downloading image 2...
  ✓ Downloaded: DBz_HJmREp7_2_44581cae.jpg
Processing post 167/200: DBz_6jDxRfB
  Downloading image 1...
  ✓ Downloaded: DBz_6jDxRfB_1_0201c98f.jpg
Processing post 168/200: DB0AKw7x-xW
  Downloading image 1...
  ✓ Downloaded: DB0AKw7x-xW_1_d0dec4c7.jpg
Processing post 169/200: DB7ei7JxzI-
  Downloading image 1...
  ✓ Downloaded: DB7ei7JxzI-_1_ec3e9e34.jpg
  Downloading image 2...
  ✓ Downloaded: DB7ei7JxzI-_2_46a99172.jpg
  Downloading image 3...
  ✓ Downloaded: DB7ei7JxzI-_3_3dbcf963.jpg
Processing post 170/200: DB0DX2BRTYn
  Downloading image 1...
  ✓ Downloaded: DB0DX2BRTYn_1_087bb274.jpg
Processing post 171/200: DB7ecQjxjpz
  Downloading image 1...
  ✓ Downloaded: DB7ecQjxjpz_1_a80b83c7.jpg
  Downloading image 2...
  ✓ Downloaded: DB7ecQjxjpz_2_9304f745.jpg
  Downloading image 3...
  ✓ Downloaded: DB7ecQjxjpz_3_37d15999.jpg
Processed 170 items, pausing...
Processing post 172/200: DBz_RUVRbcE
  Downloading image 1...
  ✓ Downloaded: DBz_RUVRbcE_1_115abf27.jpg
  Downloading image 2...
  ✓ Downloaded: DBz_RUVRbcE_2_ef0e346b.jpg
Processing post 173/200: DB0AwIwxWFK
  Downloading image 1...
  ✓ Downloaded: DB0AwIwxWFK_1_314c6651.jpg
Processing post 174/200: DB0BWdKxsci
  Downloading image 1...
  ✓ Downloaded: DB0BWdKxsci_1_495a6db0.jpg
  Downloading image 2...
  ✓ Downloaded: DB0BWdKxsci_2_eeb3d835.jpg
Processing post 175/200: DBz_cUaRLZJ
  Downloading image 1...
  ✓ Downloaded: DBz_cUaRLZJ_1_7b052cb6.jpg
  Downloading image 2...
  ✓ Downloaded: DBz_cUaRLZJ_2_30ce9f1f.jpg
Processing post 176/200: DCCLKHnRkF1
  Downloading image 1...
  ✓ Downloaded: DCCLKHnRkF1_1_08c1851f.jpg
  Downloading image 2...
  ✓ Downloaded: DCCLKHnRkF1_2_5a68e7a6.jpg
  Downloading image 3...
  ✓ Downloaded: DCCLKHnRkF1_3_3017b470.jpg
Processing post 177/200: DCCP8RfxGTT
  Downloading image 1...
  ✓ Downloaded: DCCP8RfxGTT_1_c86d1fc8.jpg
  Downloading image 2...
  ✓ Downloaded: DCCP8RfxGTT_2_13f6a4af.jpg
Processing post 178/200: DBhbuc_R73c
  Downloading image 1...
  ✓ Downloaded: DBhbuc_R73c_1_0b7cb672.jpg
  Downloading image 2...
  ✓ Downloaded: DBhbuc_R73c_2_97082c3b.jpg
Processing post 179/200: DBh5dnyRlHW
  Downloading image 1...
  ✓ Downloaded: DBh5dnyRlHW_1_51ed606a.jpg
  Downloading image 2...
  ✓ Downloaded: DBh5dnyRlHW_2_e36a89a0.jpg
  Downloading image 3...
  ✓ Downloaded: DBh5dnyRlHW_3_f9936575.jpg
Processing post 180/200: DBh9IkQRE7y
  Downloading image 1...
  ✓ Downloaded: DBh9IkQRE7y_1_a0ca55d1.jpg
  Downloading image 2...
  ✓ Downloaded: DBh9IkQRE7y_2_f5a9ed01.jpg
  Downloading image 3...
  ✓ Downloaded: DBh9IkQRE7y_3_be5b73b9.jpg
Processing post 181/200: C_gyOaAN5C-
  Downloading image 1...
  ✓ Downloaded: C_gyOaAN5C-_1_938c43de.jpg
  Downloading image 2...
  ✓ Downloaded: C_gyOaAN5C-_2_93975fc5.jpg
  Downloading image 3...
  ✓ Downloaded: C_gyOaAN5C-_3_b280c1f3.jpg
Processed 180 items, pausing...
Processing post 182/200: DBhYZn0RaUV
  Downloading image 1...
  ✓ Downloaded: DBhYZn0RaUV_1_7ff93b01.jpg
Processing post 183/200: C_RkORdRn6C
  Downloading image 1...
  ✓ Downloaded: C_RkORdRn6C_1_73ea6fa0.jpg
  Downloading image 2...
  ✓ Downloaded: C_RkORdRn6C_2_c79924ea.jpg
  Downloading image 3...
  ✓ Downloaded: C_RkORdRn6C_3_cfdf2ada.jpg
Processing post 184/200: DBha7iexgIi
  Downloading image 1...
  ✓ Downloaded: DBha7iexgIi_1_7c8d3062.jpg
  Downloading image 2...
  ✓ Downloaded: DBha7iexgIi_2_d1b5a5e9.jpg
  Downloading image 3...
  ✓ Downloaded: DBha7iexgIi_3_d2563535.jpg
Processing post 185/200: C_gxu6ItF_7
  Downloading image 1...
  ✓ Downloaded: C_gxu6ItF_7_1_1a5fec11.jpg
  Downloading image 2...
  ✓ Downloaded: C_gxu6ItF_7_2_dc6c6aeb.jpg
  Downloading image 3...
  ✓ Downloaded: C_gxu6ItF_7_3_f1104af2.jpg
Processing post 186/200: C_RkzNaxEnR
  Downloading image 1...
  ✓ Downloaded: C_RkzNaxEnR_1_68bba7e1.jpg
  Downloading image 2...
  ✓ Downloaded: C_RkzNaxEnR_2_bab3aa9b.jpg
  Downloading image 3...
  ✓ Downloaded: C_RkzNaxEnR_3_d642e222.jpg
Processing post 187/200: DB0HLFoRR7m
  Downloading image 1...
  ✓ Downloaded: DB0HLFoRR7m_1_b9038b2e.jpg
  Downloading image 2...
  ✓ Downloaded: DB0HLFoRR7m_2_a1b37aca.jpg
  Downloading image 3...
  ✓ Downloaded: DB0HLFoRR7m_3_d630f5a9.jpg
Processing post 188/200: DBh3KODRTbl
  Downloading image 1...
  ✓ Downloaded: DBh3KODRTbl_1_14773aea.jpg
  Downloading image 2...
  ✓ Downloaded: DBh3KODRTbl_2_ed9ac913.jpg
  Downloading image 3...
  ✓ Downloaded: DBh3KODRTbl_3_1276f9c0.jpg
Processing post 189/200: DBhYQI9SNqv
  Downloading image 1...
  ✓ Downloaded: DBhYQI9SNqv_1_013b3ca3.jpg
  Downloading image 2...
  ✓ Downloaded: DBhYQI9SNqv_2_ac928bd0.jpg
  Downloading image 3...
  ✓ Downloaded: DBhYQI9SNqv_3_e9c1c6f1.jpg
Processing post 190/200: DCCSr0BxpvQ
  Downloading image 1...
  ✓ Downloaded: DCCSr0BxpvQ_1_e257ffd9.jpg
  Downloading image 2...
  ✓ Downloaded: DCCSr0BxpvQ_2_eee5f1f5.jpg
  Downloading image 3...
  ✓ Downloaded: DCCSr0BxpvQ_3_ddf00daa.jpg
Processing post 191/200: DCCRGK8x1bT
  Downloading image 1...
  ✓ Downloaded: DCCRGK8x1bT_1_4686822f.jpg
  Downloading image 2...
  ✓ Downloaded: DCCRGK8x1bT_2_cebb8fe8.jpg
Processed 190 items, pausing...
Processing post 192/200: DBhgh2HxLuF
  Downloading image 1...
  ✓ Downloaded: DBhgh2HxLuF_1_adc88131.jpg
  Downloading image 2...
  ✓ Downloaded: DBhgh2HxLuF_2_eab3abdb.jpg
  Downloading image 3...
  ✓ Downloaded: DBhgh2HxLuF_3_4602c7e6.jpg
Processing post 193/200: C8crzfgNFOE
  Downloading image 1...
  ✓ Downloaded: C8crzfgNFOE_1_2e731241.jpg
  Downloading image 2...
  ✓ Downloaded: C8crzfgNFOE_2_68caccba.jpg
  Downloading image 3...
  ✓ Downloaded: C8crzfgNFOE_3_408c0dc7.jpg
Processing post 194/200: C_RgtVNRCAH
  Downloading image 1...
  ✓ Downloaded: C_RgtVNRCAH_1_89f0f5b5.jpg
  Downloading image 2...
  ✓ Downloaded: C_RgtVNRCAH_2_9fc68c87.jpg
  Downloading image 3...
  ✓ Downloaded: C_RgtVNRCAH_3_dfd22305.jpg
Processing post 195/200: C8aXPF3tjXy
  Downloading image 1...
  ✓ Downloaded: C8aXPF3tjXy_1_8fc83da7.jpg
  Downloading image 2...
  ✓ Downloaded: C8aXPF3tjXy_2_3c610aff.jpg
  Downloading image 3...
  ✓ Downloaded: C8aXPF3tjXy_3_ed7ae09e.jpg
Processing post 196/200: C_RfNI3RPX3
  Downloading image 1...
  ✓ Downloaded: C_RfNI3RPX3_1_9072bcc5.jpg
  Downloading image 2...
  ✓ Downloaded: C_RfNI3RPX3_2_0729d532.jpg
  Downloading image 3...
  ✓ Downloaded: C_RfNI3RPX3_3_6b356023.jpg
Processing post 197/200: C_RhLfDxaiJ
  Downloading image 1...
  ✓ Downloaded: C_RhLfDxaiJ_1_7d8cb810.jpg
  Downloading image 2...
  ✓ Downloaded: C_RhLfDxaiJ_2_1efde3b7.jpg
  Downloading image 3...
  ✓ Downloaded: C_RhLfDxaiJ_3_ceb03df6.jpg
Processing post 198/200: C_Rfx-ix3zL
  Downloading image 1...
  ✓ Downloaded: C_Rfx-ix3zL_1_ac1d2a34.jpg
  Downloading image 2...
  ✓ Downloaded: C_Rfx-ix3zL_2_d7b40b5c.jpg
  Downloading image 3...
  ✓ Downloaded: C_Rfx-ix3zL_3_54695173.jpg
Processing post 199/200: C_RgRjARAXw
  Downloading image 1...
  ✓ Downloaded: C_RgRjARAXw_1_e1c9974b.jpg
  Downloading image 2...
  ✓ Downloaded: C_RgRjARAXw_2_a5ff92f1.jpg
  Downloading image 3...
  ✓ Downloaded: C_RgRjARAXw_3_0f485237.jpg
Processing post 200/200: C_Ri6c4xoiO
  Downloading image 1...
  ✓ Downloaded: C_Ri6c4xoiO_1_1ac19a69.jpg
  Downloading image 2...
  ✓ Downloaded: C_Ri6c4xoiO_2_4f21bfb5.jpg
  Downloading image 3...
  ✓ Downloaded: C_Ri6c4xoiO_3_a2f33175.jpg

✅ Processing complete!
📦 Products created: 196
🏷️ Categories: 6
📸 Images downloaded: 502
💾 Data saved to: data/boom-warehouse-products.json
